<?xml version="1.0" encoding="UTF-8"?>
<!-- Generated by org.testng.reporters.JUnitXMLReporter -->
<testsuite ignored="0" hostname="innobit-HP-Notebook" failures="0" tests="5" name="Default test" time="50.101" errors="0" timestamp="2024-03-11T16:27:54 IST">
  <testcase classname="com.ams.testcases.LoginTestCases" name="loginWithValidCredentials" time="14.794"/>
  <testcase classname="com.ams.testcases.LoginTestCases" name="loginWithInvalidUserName" time="5.035"/>
  <testcase classname="com.ams.testcases.LoginTestCases" name="loginWithInvalidPassword" time="5.031"/>
  <testcase classname="com.ams.testcases.LoginTestCases" name="loginWithBothInvalidCredentials" time="4.98"/>
  <testcase classname="com.ams.testcases.LoginTestCases" name="CheckEyeIcon" time="5.032"/>
</testsuite> <!-- Default test -->
