<?xml version="1.0" encoding="UTF-8"?>
<!-- Generated by org.testng.reporters.JUnitXMLReporter -->
<testsuite ignored="5" hostname="innobit-HP-Notebook" failures="0" tests="1" name="Default test" time="28.5" errors="0" timestamp="2024-04-05T12:56:11 IST">
  <testcase classname="com.ams.testcases.ExpenditureHeadTestCases" name="createWithParentName" time="21.111"/>
  <testcase classname="com.ams.testcases.ExpenditureHeadTestCases" name="createExpenditureHead" time="0.0">
    <ignored/>
  </testcase> <!-- createExpenditureHead -->
  <testcase classname="com.ams.testcases.ExpenditureHeadTestCases" name="checkLabels" time="0.0">
    <ignored/>
  </testcase> <!-- checkLabels -->
  <testcase classname="com.ams.testcases.ExpenditureHeadTestCases" name="clickOnCreateButton" time="0.0">
    <ignored/>
  </testcase> <!-- clickOnCreateButton -->
  <testcase classname="com.ams.testcases.ExpenditureHeadTestCases" name="pagination" time="0.0">
    <ignored/>
  </testcase> <!-- pagination -->
  <testcase classname="com.ams.testcases.ExpenditureHeadTestCases" name="searchElement" time="0.0">
    <ignored/>
  </testcase> <!-- searchElement -->
</testsuite> <!-- Default test -->
