<?xml version="1.0" encoding="UTF-8"?>
<testng-results ignored="0" total="5" passed="5" failed="0" skipped="0">
  <reporter-output>
  </reporter-output>
  <suite started-at="2024-03-11T16:27:04 IST" name="Default suite" finished-at="2024-03-11T16:27:54 IST" duration-ms="50101">
    <groups>
    </groups>
    <test started-at="2024-03-11T16:27:04 IST" name="Default test" finished-at="2024-03-11T16:27:54 IST" duration-ms="50101">
      <class name="com.ams.testcases.LoginTestCases">
        <test-method is-config="true" signature="StartTest()[pri:0, instance:com.ams.testcases.LoginTestCases@6150c3ec]" started-at="2024-03-11T16:27:04 IST" name="StartTest" finished-at="2024-03-11T16:27:04 IST" duration-ms="470" status="PASS">
          <reporter-output>
          </reporter-output>
        </test-method> <!-- StartTest -->
        <test-method is-config="true" signature="launchBrowser()[pri:0, instance:com.ams.testcases.LoginTestCases@6150c3ec]" started-at="2024-03-11T16:27:04 IST" name="launchBrowser" finished-at="2024-03-11T16:27:08 IST" duration-ms="3947" status="PASS">
          <reporter-output>
          </reporter-output>
        </test-method> <!-- launchBrowser -->
        <test-method signature="loginWithValidCredentials()[pri:1, instance:com.ams.testcases.LoginTestCases@6150c3ec]" started-at="2024-03-11T16:27:08 IST" name="loginWithValidCredentials" finished-at="2024-03-11T16:27:23 IST" duration-ms="14794" status="PASS">
          <reporter-output>
          </reporter-output>
        </test-method> <!-- loginWithValidCredentials -->
        <test-method is-config="true" signature="tearDown()[pri:0, instance:com.ams.testcases.LoginTestCases@6150c3ec]" started-at="2024-03-11T16:27:23 IST" name="tearDown" finished-at="2024-03-11T16:27:23 IST" duration-ms="172" status="PASS">
          <reporter-output>
          </reporter-output>
        </test-method> <!-- tearDown -->
        <test-method is-config="true" signature="launchBrowser()[pri:0, instance:com.ams.testcases.LoginTestCases@6150c3ec]" started-at="2024-03-11T16:27:23 IST" name="launchBrowser" finished-at="2024-03-11T16:27:25 IST" duration-ms="2158" status="PASS">
          <reporter-output>
          </reporter-output>
        </test-method> <!-- launchBrowser -->
        <test-method signature="loginWithInvalidUserName()[pri:2, instance:com.ams.testcases.LoginTestCases@6150c3ec]" started-at="2024-03-11T16:27:25 IST" name="loginWithInvalidUserName" finished-at="2024-03-11T16:27:30 IST" duration-ms="5035" status="PASS">
          <reporter-output>
          </reporter-output>
        </test-method> <!-- loginWithInvalidUserName -->
        <test-method is-config="true" signature="tearDown()[pri:0, instance:com.ams.testcases.LoginTestCases@6150c3ec]" started-at="2024-03-11T16:27:30 IST" name="tearDown" finished-at="2024-03-11T16:27:30 IST" duration-ms="122" status="PASS">
          <reporter-output>
          </reporter-output>
        </test-method> <!-- tearDown -->
        <test-method is-config="true" signature="launchBrowser()[pri:0, instance:com.ams.testcases.LoginTestCases@6150c3ec]" started-at="2024-03-11T16:27:30 IST" name="launchBrowser" finished-at="2024-03-11T16:27:33 IST" duration-ms="2715" status="PASS">
          <reporter-output>
          </reporter-output>
        </test-method> <!-- launchBrowser -->
        <test-method signature="loginWithInvalidPassword()[pri:3, instance:com.ams.testcases.LoginTestCases@6150c3ec]" started-at="2024-03-11T16:27:33 IST" name="loginWithInvalidPassword" finished-at="2024-03-11T16:27:38 IST" duration-ms="5031" status="PASS">
          <reporter-output>
          </reporter-output>
        </test-method> <!-- loginWithInvalidPassword -->
        <test-method is-config="true" signature="tearDown()[pri:0, instance:com.ams.testcases.LoginTestCases@6150c3ec]" started-at="2024-03-11T16:27:38 IST" name="tearDown" finished-at="2024-03-11T16:27:38 IST" duration-ms="120" status="PASS">
          <reporter-output>
          </reporter-output>
        </test-method> <!-- tearDown -->
        <test-method is-config="true" signature="launchBrowser()[pri:0, instance:com.ams.testcases.LoginTestCases@6150c3ec]" started-at="2024-03-11T16:27:38 IST" name="launchBrowser" finished-at="2024-03-11T16:27:41 IST" duration-ms="2509" status="PASS">
          <reporter-output>
          </reporter-output>
        </test-method> <!-- launchBrowser -->
        <test-method signature="loginWithBothInvalidCredentials()[pri:4, instance:com.ams.testcases.LoginTestCases@6150c3ec]" started-at="2024-03-11T16:27:41 IST" name="loginWithBothInvalidCredentials" finished-at="2024-03-11T16:27:46 IST" duration-ms="4980" status="PASS">
          <reporter-output>
          </reporter-output>
        </test-method> <!-- loginWithBothInvalidCredentials -->
        <test-method is-config="true" signature="tearDown()[pri:0, instance:com.ams.testcases.LoginTestCases@6150c3ec]" started-at="2024-03-11T16:27:46 IST" name="tearDown" finished-at="2024-03-11T16:27:46 IST" duration-ms="118" status="PASS">
          <reporter-output>
          </reporter-output>
        </test-method> <!-- tearDown -->
        <test-method is-config="true" signature="launchBrowser()[pri:0, instance:com.ams.testcases.LoginTestCases@6150c3ec]" started-at="2024-03-11T16:27:46 IST" name="launchBrowser" finished-at="2024-03-11T16:27:48 IST" duration-ms="2090" status="PASS">
          <reporter-output>
          </reporter-output>
        </test-method> <!-- launchBrowser -->
        <test-method signature="CheckEyeIcon()[pri:5, instance:com.ams.testcases.LoginTestCases@6150c3ec]" started-at="2024-03-11T16:27:48 IST" name="CheckEyeIcon" finished-at="2024-03-11T16:27:53 IST" duration-ms="5032" status="PASS">
          <reporter-output>
          </reporter-output>
        </test-method> <!-- CheckEyeIcon -->
        <test-method is-config="true" signature="tearDown()[pri:0, instance:com.ams.testcases.LoginTestCases@6150c3ec]" started-at="2024-03-11T16:27:53 IST" name="tearDown" finished-at="2024-03-11T16:27:53 IST" duration-ms="120" status="PASS">
          <reporter-output>
          </reporter-output>
        </test-method> <!-- tearDown -->
        <test-method is-config="true" signature="endTest()[pri:0, instance:com.ams.testcases.LoginTestCases@6150c3ec]" started-at="2024-03-11T16:27:53 IST" name="endTest" finished-at="2024-03-11T16:27:54 IST" duration-ms="563" status="PASS">
          <reporter-output>
          </reporter-output>
        </test-method> <!-- endTest -->
      </class> <!-- com.ams.testcases.LoginTestCases -->
    </test> <!-- Default test -->
  </suite> <!-- Default suite -->
</testng-results>
