<?xml version="1.0" encoding="UTF-8"?>
<testng-results ignored="0" total="1" passed="1" failed="0" skipped="0">
  <reporter-output>
  </reporter-output>
  <suite started-at="2024-04-05T12:55:43 IST" name="Default suite" finished-at="2024-04-05T12:56:11 IST" duration-ms="28500">
    <groups>
    </groups>
    <test started-at="2024-04-05T12:55:43 IST" name="Default test" finished-at="2024-04-05T12:56:11 IST" duration-ms="28500">
      <class name="com.ams.testcases.ExpenditureHeadTestCases">
        <test-method is-config="true" signature="StartTest()[pri:0, instance:com.ams.testcases.ExpenditureHeadTestCases@5aa9e4eb]" started-at="2024-04-05T12:55:43 IST" name="StartTest" finished-at="2024-04-05T12:55:43 IST" duration-ms="709" status="PASS">
          <reporter-output>
          </reporter-output>
        </test-method> <!-- StartTest -->
        <test-method is-config="true" signature="launchBrowser()[pri:0, instance:com.ams.testcases.ExpenditureHeadTestCases@5aa9e4eb]" started-at="2024-04-05T12:55:43 IST" name="launchBrowser" finished-at="2024-04-05T12:55:49 IST" duration-ms="5653" status="PASS">
          <reporter-output>
          </reporter-output>
        </test-method> <!-- launchBrowser -->
        <test-method signature="createWithParentName()[pri:6, instance:com.ams.testcases.ExpenditureHeadTestCases@5aa9e4eb]" started-at="2024-04-05T12:55:49 IST" name="createWithParentName" finished-at="2024-04-05T12:56:10 IST" duration-ms="21111" status="PASS">
          <reporter-output>
          </reporter-output>
        </test-method> <!-- createWithParentName -->
        <test-method is-config="true" signature="tearDown()[pri:0, instance:com.ams.testcases.ExpenditureHeadTestCases@5aa9e4eb]" started-at="2024-04-05T12:56:10 IST" name="tearDown" finished-at="2024-04-05T12:56:10 IST" duration-ms="122" status="PASS">
          <reporter-output>
          </reporter-output>
        </test-method> <!-- tearDown -->
        <test-method is-config="true" signature="endTest()[pri:0, instance:com.ams.testcases.ExpenditureHeadTestCases@5aa9e4eb]" started-at="2024-04-05T12:56:10 IST" name="endTest" finished-at="2024-04-05T12:56:11 IST" duration-ms="788" status="PASS">
          <reporter-output>
          </reporter-output>
        </test-method> <!-- endTest -->
      </class> <!-- com.ams.testcases.ExpenditureHeadTestCases -->
    </test> <!-- Default test -->
  </suite> <!-- Default suite -->
</testng-results>
